2026-02-01 16:48:14,171 | INFO | === FRED FETCH PIPELINE START ===
2026-02-01 16:48:14,172 | INFO | [daily] Fetching FRED series DGS2 from 2010-01-01...
2026-02-01 16:48:15,805 | INFO | [daily] Fetched DGS2 rows=4020 latest_date=2026-01-29
2026-02-01 16:48:15,805 | INFO | [daily] Fetching FRED series EFFR from 2010-01-01...
2026-02-01 16:48:16,885 | INFO | [daily] Fetched EFFR rows=4037 latest_date=2026-01-29
2026-02-01 16:48:16,885 | INFO | [daily] Fetching FRED series ECBDFR from 2010-01-01...
2026-02-01 16:48:18,254 | INFO | [daily] Fetched ECBDFR rows=5874 latest_date=2026-01-30
2026-02-01 16:48:18,255 | INFO | [daily] Fetching FRED series ECBESTRVOLWGTTRMDMNRT from 2010-01-01...
2026-02-01 16:48:19,471 | INFO | [daily] Fetched ECBESTRVOLWGTTRMDMNRT rows=1622 latest_date=2026-01-29
2026-02-01 16:48:19,472 | INFO | [daily] Fetching FRED series DTWEXBGS from 2010-01-01...
2026-02-01 16:48:20,754 | INFO | [daily] Fetched DTWEXBGS rows=3997 latest_date=2026-01-23
2026-02-01 16:48:20,754 | INFO | [daily] Fetching FRED series VIXCLS from 2010-01-01...
2026-02-01 16:48:21,776 | INFO | [daily] Fetched VIXCLS rows=4071 latest_date=2026-01-29
2026-02-01 16:48:21,812 | INFO | [daily] Saved snapshot: C:\Users\iidogpon\Documents\GitHub\eurusd-swing-bias-bot\python\Data\raw_data\fred\daily\20260201_094814.json
2026-02-01 16:48:21,817 | INFO | [daily] Wrote manifest latest: C:\Users\iidogpon\Documents\GitHub\eurusd-swing-bias-bot\python\Data\raw_data\fred\daily\fetch_manifest.json
2026-02-01 16:48:21,817 | INFO | [daily] Wrote manifest archive: C:\Users\iidogpon\Documents\GitHub\eurusd-swing-bias-bot\python\Data\raw_data\fred\daily\fetch_manifest_20260201.json
2026-02-01 16:48:21,820 | INFO | === FRED FETCH PIPELINE END ===
2026-02-01 16:49:32,505 | INFO | === FRED FETCH PIPELINE START ===
2026-02-01 16:49:32,508 | INFO | [monthly] Fetching FRED series DGS2 from 2010-01-01...
2026-02-01 16:49:33,793 | INFO | [monthly] Fetched DGS2 rows=4020 latest_date=2026-01-29
2026-02-01 16:49:33,793 | INFO | [monthly] Fetching FRED series EFFR from 2010-01-01...
2026-02-01 16:49:34,904 | INFO | [monthly] Fetched EFFR rows=4037 latest_date=2026-01-29
2026-02-01 16:49:34,905 | INFO | [monthly] Fetching FRED series ECBDFR from 2010-01-01...
2026-02-01 16:49:35,959 | INFO | [monthly] Fetched ECBDFR rows=5874 latest_date=2026-01-30
2026-02-01 16:49:35,959 | INFO | [monthly] Fetching FRED series ECBESTRVOLWGTTRMDMNRT from 2010-01-01...
2026-02-01 16:49:36,898 | INFO | [monthly] Fetched ECBESTRVOLWGTTRMDMNRT rows=1622 latest_date=2026-01-29
2026-02-01 16:49:36,899 | INFO | [monthly] Fetching FRED series DTWEXBGS from 2010-01-01...
2026-02-01 16:49:38,313 | INFO | [monthly] Fetched DTWEXBGS rows=3997 latest_date=2026-01-23
2026-02-01 16:49:38,313 | INFO | [monthly] Fetching FRED series VIXCLS from 2010-01-01...
2026-02-01 16:49:39,526 | INFO | [monthly] Fetched VIXCLS rows=4071 latest_date=2026-01-29
2026-02-01 16:49:39,526 | INFO | [monthly] Fetching FRED series DGS10 from 2010-01-01...
2026-02-01 16:49:40,813 | INFO | [monthly] Fetched DGS10 rows=4020 latest_date=2026-01-29
2026-02-01 16:49:40,813 | INFO | [monthly] Fetching FRED series DFII10 from 2010-01-01...
2026-02-01 16:49:42,061 | INFO | [monthly] Fetched DFII10 rows=4020 latest_date=2026-01-29
2026-02-01 16:49:42,061 | INFO | [monthly] Fetching FRED series BAMLH0A0HYM2 from 2010-01-01...
2026-02-01 16:49:43,402 | INFO | [monthly] Fetched BAMLH0A0HYM2 rows=4198 latest_date=2026-01-29
2026-02-01 16:49:43,403 | INFO | [monthly] Fetching FRED series T10YIE from 2010-01-01...
2026-02-01 16:49:44,470 | INFO | [monthly] Fetched T10YIE rows=4021 latest_date=2026-01-30
2026-02-01 16:49:44,470 | INFO | [monthly] Fetching FRED series CPILFESL from 2010-01-01...
2026-02-01 16:49:45,411 | INFO | [monthly] Fetched CPILFESL rows=191 latest_date=2025-12-01
2026-02-01 16:49:45,411 | INFO | [monthly] Fetching FRED series PAYEMS from 2010-01-01...
2026-02-01 16:49:46,424 | INFO | [monthly] Fetched PAYEMS rows=192 latest_date=2025-12-01
2026-02-01 16:49:46,488 | INFO | [monthly] Saved snapshot: C:\Users\iidogpon\Documents\GitHub\eurusd-swing-bias-bot\python\Data\raw_data\fred\monthly\20260201_094932.json
2026-02-01 16:49:46,492 | INFO | [monthly] Wrote manifest latest: C:\Users\iidogpon\Documents\GitHub\eurusd-swing-bias-bot\python\Data\raw_data\fred\monthly\fetch_manifest.json
2026-02-01 16:49:46,493 | INFO | [monthly] Wrote manifest archive: C:\Users\iidogpon\Documents\GitHub\eurusd-swing-bias-bot\python\Data\raw_data\fred\monthly\fetch_manifest_20260201.json
2026-02-01 16:49:46,496 | INFO | === FRED FETCH PIPELINE END ===
2026-02-01 16:49:56,671 | INFO | === FRED FETCH PIPELINE START ===
2026-02-01 16:49:56,674 | INFO | [weekly] Fetching FRED series DGS2 from 2010-01-01...
2026-02-01 16:49:57,904 | INFO | [weekly] Fetched DGS2 rows=4020 latest_date=2026-01-29
2026-02-01 16:49:57,904 | INFO | [weekly] Fetching FRED series EFFR from 2010-01-01...
2026-02-01 16:49:58,999 | INFO | [weekly] Fetched EFFR rows=4037 latest_date=2026-01-29
2026-02-01 16:49:58,999 | INFO | [weekly] Fetching FRED series ECBDFR from 2010-01-01...
2026-02-01 16:50:00,249 | INFO | [weekly] Fetched ECBDFR rows=5874 latest_date=2026-01-30
2026-02-01 16:50:00,250 | INFO | [weekly] Fetching FRED series ECBESTRVOLWGTTRMDMNRT from 2010-01-01...
2026-02-01 16:50:01,501 | INFO | [weekly] Fetched ECBESTRVOLWGTTRMDMNRT rows=1622 latest_date=2026-01-29
2026-02-01 16:50:01,501 | INFO | [weekly] Fetching FRED series DTWEXBGS from 2010-01-01...
2026-02-01 16:50:02,612 | INFO | [weekly] Fetched DTWEXBGS rows=3997 latest_date=2026-01-23
2026-02-01 16:50:02,612 | INFO | [weekly] Fetching FRED series VIXCLS from 2010-01-01...
2026-02-01 16:50:03,748 | INFO | [weekly] Fetched VIXCLS rows=4071 latest_date=2026-01-29
2026-02-01 16:50:03,749 | INFO | [weekly] Fetching FRED series DGS10 from 2010-01-01...
2026-02-01 16:50:05,055 | INFO | [weekly] Fetched DGS10 rows=4020 latest_date=2026-01-29
2026-02-01 16:50:05,056 | INFO | [weekly] Fetching FRED series DFII10 from 2010-01-01...
2026-02-01 16:50:06,282 | INFO | [weekly] Fetched DFII10 rows=4020 latest_date=2026-01-29
2026-02-01 16:50:06,283 | INFO | [weekly] Fetching FRED series BAMLH0A0HYM2 from 2010-01-01...
2026-02-01 16:50:07,308 | INFO | [weekly] Fetched BAMLH0A0HYM2 rows=4198 latest_date=2026-01-29
2026-02-01 16:50:07,308 | INFO | [weekly] Fetching FRED series T10YIE from 2010-01-01...
2026-02-01 16:50:08,639 | INFO | [weekly] Fetched T10YIE rows=4021 latest_date=2026-01-30
2026-02-01 16:50:08,717 | INFO | [weekly] Saved snapshot: C:\Users\iidogpon\Documents\GitHub\eurusd-swing-bias-bot\python\Data\raw_data\fred\weekly\20260201_094956.json
2026-02-01 16:50:08,721 | INFO | [weekly] Wrote manifest latest: C:\Users\iidogpon\Documents\GitHub\eurusd-swing-bias-bot\python\Data\raw_data\fred\weekly\fetch_manifest.json
2026-02-01 16:50:08,721 | INFO | [weekly] Wrote manifest archive: C:\Users\iidogpon\Documents\GitHub\eurusd-swing-bias-bot\python\Data\raw_data\fred\weekly\fetch_manifest_20260201.json
2026-02-01 16:50:08,725 | INFO | === FRED FETCH PIPELINE END ===
2026-02-01 16:55:14,170 | INFO | === FRED FETCH PIPELINE START ===
2026-02-01 16:55:14,172 | INFO | [daily] Fetching FRED series DGS2 from 2010-01-01...
2026-02-01 16:55:15,565 | INFO | [daily] Fetched DGS2 rows=4020 latest_date=2026-01-29
2026-02-01 16:55:15,565 | INFO | [daily] Fetching FRED series EFFR from 2010-01-01...
2026-02-01 16:55:16,623 | INFO | [daily] Fetched EFFR rows=4037 latest_date=2026-01-29
2026-02-01 16:55:16,623 | INFO | [daily] Fetching FRED series ECBDFR from 2010-01-01...
2026-02-01 16:55:17,575 | INFO | [daily] Fetched ECBDFR rows=5874 latest_date=2026-01-30
2026-02-01 16:55:17,575 | INFO | [daily] Fetching FRED series ECBESTRVOLWGTTRMDMNRT from 2010-01-01...
2026-02-01 16:55:18,487 | INFO | [daily] Fetched ECBESTRVOLWGTTRMDMNRT rows=1622 latest_date=2026-01-29
2026-02-01 16:55:18,488 | INFO | [daily] Fetching FRED series DTWEXBGS from 2010-01-01...
2026-02-01 16:55:19,487 | INFO | [daily] Fetched DTWEXBGS rows=3997 latest_date=2026-01-23
2026-02-01 16:55:19,488 | INFO | [daily] Fetching FRED series VIXCLS from 2010-01-01...
2026-02-01 16:55:20,474 | INFO | [daily] Fetched VIXCLS rows=4071 latest_date=2026-01-29
2026-02-01 16:55:20,508 | INFO | [daily] Saved snapshot: C:\Users\iidogpon\Documents\GitHub\eurusd-swing-bias-bot\python\Data\raw_data\fred\daily\20260201_095514.json
2026-02-01 16:55:20,512 | INFO | [daily] Wrote manifest latest: C:\Users\iidogpon\Documents\GitHub\eurusd-swing-bias-bot\python\Data\raw_data\fred\daily\fetch_manifest.json
2026-02-01 16:55:20,512 | INFO | [daily] Wrote manifest archive: C:\Users\iidogpon\Documents\GitHub\eurusd-swing-bias-bot\python\Data\raw_data\fred\daily\fetch_manifest_20260201.json
2026-02-01 16:55:20,515 | INFO | === FRED FETCH PIPELINE END ===
2026-02-01 16:56:12,236 | INFO | === FRED FETCH PIPELINE START ===
2026-02-01 16:56:12,238 | INFO | [daily] Fetching FRED series DGS2 from 2010-01-01...
2026-02-01 16:56:13,295 | INFO | [daily] Fetched DGS2 rows=4020 latest_date=2026-01-29
2026-02-01 16:56:13,296 | INFO | [daily] Fetching FRED series EFFR from 2010-01-01...
2026-02-01 16:56:14,242 | INFO | [daily] Fetched EFFR rows=4037 latest_date=2026-01-29
2026-02-01 16:56:14,242 | INFO | [daily] Fetching FRED series ECBDFR from 2010-01-01...
2026-02-01 16:56:15,129 | INFO | [daily] Fetched ECBDFR rows=5874 latest_date=2026-01-30
2026-02-01 16:56:15,130 | INFO | [daily] Fetching FRED series ECBESTRVOLWGTTRMDMNRT from 2010-01-01...
2026-02-01 16:56:16,049 | INFO | [daily] Fetched ECBESTRVOLWGTTRMDMNRT rows=1622 latest_date=2026-01-29
2026-02-01 16:56:16,050 | INFO | [daily] Fetching FRED series DTWEXBGS from 2010-01-01...
2026-02-01 16:56:17,172 | INFO | [daily] Fetched DTWEXBGS rows=3997 latest_date=2026-01-23
2026-02-01 16:56:17,172 | INFO | [daily] Fetching FRED series VIXCLS from 2010-01-01...
2026-02-01 16:56:18,176 | INFO | [daily] Fetched VIXCLS rows=4071 latest_date=2026-01-29
2026-02-01 16:56:18,210 | INFO | [daily] Saved snapshot: C:\Users\iidogpon\Documents\GitHub\eurusd-swing-bias-bot\python\Data\raw_data\fred\daily\20260201_095612.json
2026-02-01 16:56:18,214 | INFO | [daily] Wrote manifest latest: C:\Users\iidogpon\Documents\GitHub\eurusd-swing-bias-bot\python\Data\raw_data\fred\daily\fetch_manifest.json
2026-02-01 16:56:18,214 | INFO | [daily] Wrote manifest archive: C:\Users\iidogpon\Documents\GitHub\eurusd-swing-bias-bot\python\Data\raw_data\fred\daily\fetch_manifest_20260201.json
2026-02-01 16:56:18,217 | INFO | === FRED FETCH PIPELINE END ===
2026-02-01 16:56:24,793 | INFO | === FRED FETCH PIPELINE START ===
2026-02-01 16:56:24,816 | INFO | [weekly] Fetching FRED series DGS2 from 2010-01-01...
2026-02-01 16:56:26,731 | INFO | [weekly] Fetched DGS2 rows=4020 latest_date=2026-01-29
2026-02-01 16:56:26,732 | INFO | [weekly] Fetching FRED series EFFR from 2010-01-01...
2026-02-01 16:56:27,781 | INFO | [weekly] Fetched EFFR rows=4037 latest_date=2026-01-29
2026-02-01 16:56:27,782 | INFO | [weekly] Fetching FRED series ECBDFR from 2010-01-01...
2026-02-01 16:56:28,719 | INFO | [weekly] Fetched ECBDFR rows=5874 latest_date=2026-01-30
2026-02-01 16:56:28,720 | INFO | [weekly] Fetching FRED series ECBESTRVOLWGTTRMDMNRT from 2010-01-01...
2026-02-01 16:56:29,672 | INFO | [weekly] Fetched ECBESTRVOLWGTTRMDMNRT rows=1622 latest_date=2026-01-29
2026-02-01 16:56:29,672 | INFO | [weekly] Fetching FRED series DTWEXBGS from 2010-01-01...
2026-02-01 16:56:30,749 | INFO | [weekly] Fetched DTWEXBGS rows=3997 latest_date=2026-01-23
2026-02-01 16:56:30,749 | INFO | [weekly] Fetching FRED series VIXCLS from 2010-01-01...
2026-02-01 16:56:31,738 | INFO | [weekly] Fetched VIXCLS rows=4071 latest_date=2026-01-29
2026-02-01 16:56:31,739 | INFO | [weekly] Fetching FRED series DGS10 from 2010-01-01...
2026-02-01 16:56:32,696 | INFO | [weekly] Fetched DGS10 rows=4020 latest_date=2026-01-29
2026-02-01 16:56:32,697 | INFO | [weekly] Fetching FRED series DFII10 from 2010-01-01...
2026-02-01 16:56:33,657 | INFO | [weekly] Fetched DFII10 rows=4020 latest_date=2026-01-29
2026-02-01 16:56:33,658 | INFO | [weekly] Fetching FRED series BAMLH0A0HYM2 from 2010-01-01...
2026-02-01 16:56:34,662 | INFO | [weekly] Fetched BAMLH0A0HYM2 rows=4198 latest_date=2026-01-29
2026-02-01 16:56:34,663 | INFO | [weekly] Fetching FRED series T10YIE from 2010-01-01...
2026-02-01 16:56:35,679 | INFO | [weekly] Fetched T10YIE rows=4021 latest_date=2026-01-30
2026-02-01 16:56:35,733 | INFO | [weekly] Saved snapshot: C:\Users\iidogpon\Documents\GitHub\eurusd-swing-bias-bot\python\Data\raw_data\fred\weekly\20260201_095624.json
2026-02-01 16:56:35,737 | INFO | [weekly] Wrote manifest latest: C:\Users\iidogpon\Documents\GitHub\eurusd-swing-bias-bot\python\Data\raw_data\fred\weekly\fetch_manifest.json
2026-02-01 16:56:35,737 | INFO | [weekly] Wrote manifest archive: C:\Users\iidogpon\Documents\GitHub\eurusd-swing-bias-bot\python\Data\raw_data\fred\weekly\fetch_manifest_20260201.json
2026-02-01 16:56:35,740 | INFO | === FRED FETCH PIPELINE END ===
2026-02-01 16:56:49,621 | INFO | === FRED FETCH PIPELINE START ===
2026-02-01 16:56:49,623 | INFO | [monthly] Fetching FRED series DGS2 from 2010-01-01...
2026-02-01 16:56:50,782 | INFO | [monthly] Fetched DGS2 rows=4020 latest_date=2026-01-29
2026-02-01 16:56:50,783 | INFO | [monthly] Fetching FRED series EFFR from 2010-01-01...
2026-02-01 16:56:51,712 | INFO | [monthly] Fetched EFFR rows=4037 latest_date=2026-01-29
2026-02-01 16:56:51,712 | INFO | [monthly] Fetching FRED series ECBDFR from 2010-01-01...
2026-02-01 16:56:52,677 | INFO | [monthly] Fetched ECBDFR rows=5874 latest_date=2026-01-30
2026-02-01 16:56:52,677 | INFO | [monthly] Fetching FRED series ECBESTRVOLWGTTRMDMNRT from 2010-01-01...
2026-02-01 16:56:53,599 | INFO | [monthly] Fetched ECBESTRVOLWGTTRMDMNRT rows=1622 latest_date=2026-01-29
2026-02-01 16:56:53,599 | INFO | [monthly] Fetching FRED series DTWEXBGS from 2010-01-01...
2026-02-01 16:56:54,630 | INFO | [monthly] Fetched DTWEXBGS rows=3997 latest_date=2026-01-23
2026-02-01 16:56:54,630 | INFO | [monthly] Fetching FRED series VIXCLS from 2010-01-01...
2026-02-01 16:56:55,717 | INFO | [monthly] Fetched VIXCLS rows=4071 latest_date=2026-01-29
2026-02-01 16:56:55,718 | INFO | [monthly] Fetching FRED series DGS10 from 2010-01-01...
2026-02-01 16:56:56,742 | INFO | [monthly] Fetched DGS10 rows=4020 latest_date=2026-01-29
2026-02-01 16:56:56,742 | INFO | [monthly] Fetching FRED series DFII10 from 2010-01-01...
2026-02-01 16:56:57,718 | INFO | [monthly] Fetched DFII10 rows=4020 latest_date=2026-01-29
2026-02-01 16:56:57,719 | INFO | [monthly] Fetching FRED series BAMLH0A0HYM2 from 2010-01-01...
2026-02-01 16:56:58,678 | INFO | [monthly] Fetched BAMLH0A0HYM2 rows=4198 latest_date=2026-01-29
2026-02-01 16:56:58,678 | INFO | [monthly] Fetching FRED series T10YIE from 2010-01-01...
2026-02-01 16:56:59,624 | INFO | [monthly] Fetched T10YIE rows=4021 latest_date=2026-01-30
2026-02-01 16:56:59,624 | INFO | [monthly] Fetching FRED series CPILFESL from 2010-01-01...
2026-02-01 16:57:00,567 | INFO | [monthly] Fetched CPILFESL rows=191 latest_date=2025-12-01
2026-02-01 16:57:00,567 | INFO | [monthly] Fetching FRED series PAYEMS from 2010-01-01...
2026-02-01 16:57:01,473 | INFO | [monthly] Fetched PAYEMS rows=192 latest_date=2025-12-01
2026-02-01 16:57:01,563 | INFO | [monthly] Saved snapshot: C:\Users\iidogpon\Documents\GitHub\eurusd-swing-bias-bot\python\Data\raw_data\fred\monthly\20260201_095649.json
2026-02-01 16:57:01,567 | INFO | [monthly] Wrote manifest latest: C:\Users\iidogpon\Documents\GitHub\eurusd-swing-bias-bot\python\Data\raw_data\fred\monthly\fetch_manifest.json
2026-02-01 16:57:01,568 | INFO | [monthly] Wrote manifest archive: C:\Users\iidogpon\Documents\GitHub\eurusd-swing-bias-bot\python\Data\raw_data\fred\monthly\fetch_manifest_20260201.json
2026-02-01 16:57:01,573 | INFO | === FRED FETCH PIPELINE END ===
2026-02-01 17:01:42,124 | INFO | === FRED FETCH PIPELINE START ===
2026-02-01 17:01:42,126 | INFO | [monthly] Fetching FRED series DGS2 from 2010-01-01...
2026-02-01 17:01:43,992 | INFO | [monthly] Fetched DGS2 rows=4020 latest_date=2026-01-29
2026-02-01 17:01:43,992 | INFO | [monthly] Fetching FRED series EFFR from 2010-01-01...
2026-02-01 17:01:45,006 | INFO | [monthly] Fetched EFFR rows=4037 latest_date=2026-01-29
2026-02-01 17:01:45,007 | INFO | [monthly] Fetching FRED series ECBDFR from 2010-01-01...
2026-02-01 17:01:46,004 | INFO | [monthly] Fetched ECBDFR rows=5874 latest_date=2026-01-30
2026-02-01 17:01:46,004 | INFO | [monthly] Fetching FRED series ECBESTRVOLWGTTRMDMNRT from 2010-01-01...
2026-02-01 17:01:47,222 | INFO | [monthly] Fetched ECBESTRVOLWGTTRMDMNRT rows=1622 latest_date=2026-01-29
2026-02-01 17:01:47,223 | INFO | [monthly] Fetching FRED series DTWEXBGS from 2010-01-01...
2026-02-01 17:01:48,299 | INFO | [monthly] Fetched DTWEXBGS rows=3997 latest_date=2026-01-23
2026-02-01 17:01:48,299 | INFO | [monthly] Fetching FRED series VIXCLS from 2010-01-01...
2026-02-01 17:01:49,529 | INFO | [monthly] Fetched VIXCLS rows=4071 latest_date=2026-01-29
2026-02-01 17:01:49,530 | INFO | [monthly] Fetching FRED series DGS10 from 2010-01-01...
2026-02-01 17:01:50,714 | INFO | [monthly] Fetched DGS10 rows=4020 latest_date=2026-01-29
2026-02-01 17:01:50,715 | INFO | [monthly] Fetching FRED series DFII10 from 2010-01-01...
2026-02-01 17:01:51,752 | INFO | [monthly] Fetched DFII10 rows=4020 latest_date=2026-01-29
2026-02-01 17:01:51,752 | INFO | [monthly] Fetching FRED series BAMLH0A0HYM2 from 2010-01-01...
2026-02-01 17:01:52,769 | INFO | [monthly] Fetched BAMLH0A0HYM2 rows=4198 latest_date=2026-01-29
2026-02-01 17:01:52,770 | INFO | [monthly] Fetching FRED series T10YIE from 2010-01-01...
2026-02-01 17:01:53,868 | INFO | [monthly] Fetched T10YIE rows=4021 latest_date=2026-01-30
2026-02-01 17:01:53,869 | INFO | [monthly] Fetching FRED series CPILFESL from 2010-01-01...
2026-02-01 17:01:54,730 | INFO | [monthly] Fetched CPILFESL rows=191 latest_date=2025-12-01
2026-02-01 17:01:54,731 | INFO | [monthly] Fetching FRED series PAYEMS from 2010-01-01...
2026-02-01 17:01:55,688 | INFO | [monthly] Fetched PAYEMS rows=192 latest_date=2025-12-01
2026-02-01 17:01:55,743 | INFO | [monthly] Saved snapshot: C:\Users\iidogpon\Documents\GitHub\eurusd-swing-bias-bot\python\Data\raw_data\fred\monthly\20260201_170142.json
2026-02-01 17:01:55,747 | INFO | [monthly] Wrote manifest latest: C:\Users\iidogpon\Documents\GitHub\eurusd-swing-bias-bot\python\Data\raw_data\fred\monthly\fetch_manifest.json
2026-02-01 17:01:55,747 | INFO | [monthly] Wrote manifest archive: C:\Users\iidogpon\Documents\GitHub\eurusd-swing-bias-bot\python\Data\raw_data\fred\monthly\fetch_manifest_20260201.json
2026-02-01 17:01:55,751 | INFO | === FRED FETCH PIPELINE END ===
2026-02-01 17:02:40,967 | INFO | === FRED FETCH PIPELINE START ===
2026-02-01 17:02:40,969 | INFO | [weekly] Fetching FRED series DGS2 from 2010-01-01...
2026-02-01 17:02:42,043 | INFO | [weekly] Fetched DGS2 rows=4020 latest_date=2026-01-29
2026-02-01 17:02:42,044 | INFO | [weekly] Fetching FRED series EFFR from 2010-01-01...
2026-02-01 17:02:43,099 | INFO | [weekly] Fetched EFFR rows=4037 latest_date=2026-01-29
2026-02-01 17:02:43,100 | INFO | [weekly] Fetching FRED series ECBDFR from 2010-01-01...
2026-02-01 17:02:44,908 | INFO | [weekly] Fetched ECBDFR rows=5874 latest_date=2026-01-30
2026-02-01 17:02:44,909 | INFO | [weekly] Fetching FRED series ECBESTRVOLWGTTRMDMNRT from 2010-01-01...
2026-02-01 17:02:45,983 | INFO | [weekly] Fetched ECBESTRVOLWGTTRMDMNRT rows=1622 latest_date=2026-01-29
2026-02-01 17:02:45,983 | INFO | [weekly] Fetching FRED series DTWEXBGS from 2010-01-01...
2026-02-01 17:02:47,109 | INFO | [weekly] Fetched DTWEXBGS rows=3997 latest_date=2026-01-23
2026-02-01 17:02:47,110 | INFO | [weekly] Fetching FRED series VIXCLS from 2010-01-01...
2026-02-01 17:02:48,148 | INFO | [weekly] Fetched VIXCLS rows=4071 latest_date=2026-01-29
2026-02-01 17:02:48,148 | INFO | [weekly] Fetching FRED series DGS10 from 2010-01-01...
2026-02-01 17:02:49,317 | INFO | [weekly] Fetched DGS10 rows=4020 latest_date=2026-01-29
2026-02-01 17:02:49,318 | INFO | [weekly] Fetching FRED series DFII10 from 2010-01-01...
2026-02-01 17:02:50,538 | INFO | [weekly] Fetched DFII10 rows=4020 latest_date=2026-01-29
2026-02-01 17:02:50,538 | INFO | [weekly] Fetching FRED series BAMLH0A0HYM2 from 2010-01-01...
2026-02-01 17:02:51,648 | INFO | [weekly] Fetched BAMLH0A0HYM2 rows=4198 latest_date=2026-01-29
2026-02-01 17:02:51,649 | INFO | [weekly] Fetching FRED series T10YIE from 2010-01-01...
2026-02-01 17:02:52,688 | INFO | [weekly] Fetched T10YIE rows=4021 latest_date=2026-01-30
2026-02-01 17:02:52,739 | INFO | [weekly] Saved snapshot: C:\Users\iidogpon\Documents\GitHub\eurusd-swing-bias-bot\python\Data\raw_data\fred\weekly\20260201_170240.json
2026-02-01 17:02:52,744 | INFO | [weekly] Wrote manifest latest: C:\Users\iidogpon\Documents\GitHub\eurusd-swing-bias-bot\python\Data\raw_data\fred\weekly\fetch_manifest.json
2026-02-01 17:02:52,744 | INFO | [weekly] Wrote manifest archive: C:\Users\iidogpon\Documents\GitHub\eurusd-swing-bias-bot\python\Data\raw_data\fred\weekly\fetch_manifest_20260201.json
2026-02-01 17:02:52,748 | INFO | === FRED FETCH PIPELINE END ===
2026-02-01 17:03:00,775 | INFO | === FRED FETCH PIPELINE START ===
2026-02-01 17:03:00,777 | INFO | [monthly] Fetching FRED series DGS2 from 2010-01-01...
2026-02-01 17:03:02,002 | INFO | [monthly] Fetched DGS2 rows=4020 latest_date=2026-01-29
2026-02-01 17:03:02,003 | INFO | [monthly] Fetching FRED series EFFR from 2010-01-01...
2026-02-01 17:03:08,487 | INFO | === FRED FETCH PIPELINE START ===
2026-02-01 17:03:08,489 | INFO | [daily] Fetching FRED series DGS2 from 2010-01-01...
2026-02-01 17:03:09,736 | INFO | [daily] Fetched DGS2 rows=4020 latest_date=2026-01-29
2026-02-01 17:03:09,737 | INFO | [daily] Fetching FRED series EFFR from 2010-01-01...
2026-02-01 17:03:10,771 | INFO | [daily] Fetched EFFR rows=4037 latest_date=2026-01-29
2026-02-01 17:03:10,772 | INFO | [daily] Fetching FRED series ECBDFR from 2010-01-01...
2026-02-01 17:03:11,816 | INFO | [daily] Fetched ECBDFR rows=5874 latest_date=2026-01-30
2026-02-01 17:03:11,816 | INFO | [daily] Fetching FRED series ECBESTRVOLWGTTRMDMNRT from 2010-01-01...
2026-02-01 17:03:12,830 | INFO | [daily] Fetched ECBESTRVOLWGTTRMDMNRT rows=1622 latest_date=2026-01-29
2026-02-01 17:03:12,830 | INFO | [daily] Fetching FRED series DTWEXBGS from 2010-01-01...
2026-02-01 17:03:14,287 | INFO | [daily] Fetched DTWEXBGS rows=3997 latest_date=2026-01-23
2026-02-01 17:03:14,288 | INFO | [daily] Fetching FRED series VIXCLS from 2010-01-01...
2026-02-01 17:03:15,353 | INFO | [daily] Fetched VIXCLS rows=4071 latest_date=2026-01-29
2026-02-01 17:03:15,383 | INFO | [daily] Saved snapshot: C:\Users\iidogpon\Documents\GitHub\eurusd-swing-bias-bot\python\Data\raw_data\fred\daily\20260201_170308.json
2026-02-01 17:03:15,387 | INFO | [daily] Wrote manifest latest: C:\Users\iidogpon\Documents\GitHub\eurusd-swing-bias-bot\python\Data\raw_data\fred\daily\fetch_manifest.json
2026-02-01 17:03:15,387 | INFO | [daily] Wrote manifest archive: C:\Users\iidogpon\Documents\GitHub\eurusd-swing-bias-bot\python\Data\raw_data\fred\daily\fetch_manifest_20260201.json
2026-02-01 17:03:15,390 | INFO | === FRED FETCH PIPELINE END ===
