2026-01-31 13:26:59,094 | INFO | === FRED FETCH PIPELINE START ===
2026-01-31 13:26:59,096 | INFO | [daily] Fetching FRED series DGS2 from 2010-01-01...
2026-01-31 13:27:04,642 | INFO | [daily] Fetched DGS2 rows=4020 latest_date=2026-01-29
2026-01-31 13:27:04,642 | INFO | [daily] Fetching FRED series EFFR from 2010-01-01...
2026-01-31 13:27:06,528 | INFO | [daily] Fetched EFFR rows=4037 latest_date=2026-01-29
2026-01-31 13:27:06,528 | INFO | [daily] Fetching FRED series ECBDFR from 2010-01-01...
2026-01-31 13:27:07,856 | INFO | [daily] Fetched ECBDFR rows=5874 latest_date=2026-01-30
2026-01-31 13:27:07,857 | INFO | [daily] Fetching FRED series ECBESTRVOLWGTTRMDMNRT from 2010-01-01...
2026-01-31 13:27:08,967 | INFO | [daily] Fetched ECBESTRVOLWGTTRMDMNRT rows=1622 latest_date=2026-01-29
2026-01-31 13:27:08,967 | INFO | [daily] Fetching FRED series DTWEXBGS from 2010-01-01...
2026-01-31 13:27:10,172 | INFO | [daily] Fetched DTWEXBGS rows=3997 latest_date=2026-01-23
2026-01-31 13:27:10,173 | INFO | [daily] Fetching FRED series VIXCLS from 2010-01-01...
2026-01-31 13:27:11,403 | INFO | [daily] Fetched VIXCLS rows=4071 latest_date=2026-01-29
2026-01-31 13:27:11,443 | INFO | [daily] Saved snapshot: C:\Users\iidogpon\Documents\GitHub\eurusd-swing-bias-bot\python\Data\raw_data\fred\daily\20260131_062659.json
2026-01-31 13:27:11,451 | INFO | [daily] Wrote manifest latest: C:\Users\iidogpon\Documents\GitHub\eurusd-swing-bias-bot\python\Data\raw_data\fred\daily\fetch_manifest.json
2026-01-31 13:27:11,452 | INFO | [daily] Wrote manifest archive: C:\Users\iidogpon\Documents\GitHub\eurusd-swing-bias-bot\python\Data\raw_data\fred\daily\fetch_manifest_20260131.json
2026-01-31 13:27:11,455 | INFO | === FRED FETCH PIPELINE END ===
2026-01-31 13:28:17,691 | INFO | === FRED FETCH PIPELINE START ===
2026-01-31 13:28:17,692 | INFO | [weekly] Fetching FRED series DGS2 from 2010-01-01...
2026-01-31 13:28:18,891 | INFO | [weekly] Fetched DGS2 rows=4020 latest_date=2026-01-29
2026-01-31 13:28:18,892 | INFO | [weekly] Fetching FRED series EFFR from 2010-01-01...
2026-01-31 13:28:19,966 | INFO | [weekly] Fetched EFFR rows=4037 latest_date=2026-01-29
2026-01-31 13:28:19,967 | INFO | [weekly] Fetching FRED series ECBDFR from 2010-01-01...
2026-01-31 13:28:21,108 | INFO | [weekly] Fetched ECBDFR rows=5874 latest_date=2026-01-30
2026-01-31 13:28:21,108 | INFO | [weekly] Fetching FRED series ECBESTRVOLWGTTRMDMNRT from 2010-01-01...
2026-01-31 13:28:22,525 | INFO | [weekly] Fetched ECBESTRVOLWGTTRMDMNRT rows=1622 latest_date=2026-01-29
2026-01-31 13:28:22,525 | INFO | [weekly] Fetching FRED series DTWEXBGS from 2010-01-01...
2026-01-31 13:28:23,653 | INFO | [weekly] Fetched DTWEXBGS rows=3997 latest_date=2026-01-23
2026-01-31 13:28:23,653 | INFO | [weekly] Fetching FRED series VIXCLS from 2010-01-01...
2026-01-31 13:28:24,771 | INFO | [weekly] Fetched VIXCLS rows=4071 latest_date=2026-01-29
2026-01-31 13:28:24,771 | INFO | [weekly] Fetching FRED series DGS10 from 2010-01-01...
2026-01-31 13:28:25,914 | INFO | [weekly] Fetched DGS10 rows=4020 latest_date=2026-01-29
2026-01-31 13:28:25,915 | INFO | [weekly] Fetching FRED series DFII10 from 2010-01-01...
2026-01-31 13:28:27,016 | INFO | [weekly] Fetched DFII10 rows=4020 latest_date=2026-01-29
2026-01-31 13:28:27,017 | INFO | [weekly] Fetching FRED series BAMLH0A0HYM2 from 2010-01-01...
2026-01-31 13:28:28,283 | INFO | [weekly] Fetched BAMLH0A0HYM2 rows=4198 latest_date=2026-01-29
2026-01-31 13:28:28,283 | INFO | [weekly] Fetching FRED series T10YIE from 2010-01-01...
2026-01-31 13:28:29,334 | INFO | [weekly] Fetched T10YIE rows=4021 latest_date=2026-01-30
2026-01-31 13:28:29,401 | INFO | [weekly] Saved snapshot: C:\Users\iidogpon\Documents\GitHub\eurusd-swing-bias-bot\python\Data\raw_data\fred\weekly\20260131_062817.json
2026-01-31 13:28:29,406 | INFO | [weekly] Wrote manifest latest: C:\Users\iidogpon\Documents\GitHub\eurusd-swing-bias-bot\python\Data\raw_data\fred\weekly\fetch_manifest.json
2026-01-31 13:28:29,406 | INFO | [weekly] Wrote manifest archive: C:\Users\iidogpon\Documents\GitHub\eurusd-swing-bias-bot\python\Data\raw_data\fred\weekly\fetch_manifest_20260131.json
2026-01-31 13:28:29,411 | INFO | === FRED FETCH PIPELINE END ===
