2026-01-29 15:28:18,339 | INFO | === FRED FETCH PIPELINE START ===
2026-01-29 15:28:18,341 | INFO | Fetching FRED series DGS2 from 2010-01-01...
2026-01-29 15:28:19,672 | INFO | Saved C:\Users\iidogpon\Documents\GitHub\eurusd-swing-bias-bot\python\fetch\fred\raw_data_macro\us2y_dgs2.csv rows=4018 latest_date=2026-01-27
2026-01-29 15:28:19,676 | INFO | Wrote manifest latest: C:\Users\iidogpon\Documents\GitHub\eurusd-swing-bias-bot\python\fetch\fred\raw_data_macro\fetch_manifest.json
2026-01-29 15:28:19,677 | INFO | Wrote manifest archive: C:\Users\iidogpon\Documents\GitHub\eurusd-swing-bias-bot\python\fetch\fred\raw_data_macro\fetch_manifest_20260129.json
2026-01-29 15:28:19,678 | INFO | === FRED FETCH PIPELINE END ===
2026-01-29 16:30:31,938 | INFO | === FRED FETCH PIPELINE START ===
2026-01-29 16:30:31,940 | INFO | [daily] Fetching FRED series DGS2 from 2010-01-01...
2026-01-29 16:30:33,307 | INFO | [daily] Fetched DGS2 rows=4018 latest_date=2026-01-27
2026-01-29 16:30:33,307 | INFO | [daily] Fetching FRED series EFFR from 2010-01-01...
2026-01-29 16:30:34,325 | INFO | [daily] Fetched EFFR rows=4035 latest_date=2026-01-27
2026-01-29 16:30:34,326 | INFO | [daily] Fetching FRED series ECBDFR from 2010-01-01...
2026-01-29 16:30:35,435 | INFO | [daily] Fetched ECBDFR rows=5872 latest_date=2026-01-28
2026-01-29 16:30:35,435 | INFO | [daily] Fetching FRED series ECBESTRVOLWGTTRMDMNRT from 2010-01-01...
2026-01-29 16:30:36,693 | INFO | [daily] Fetched ECBESTRVOLWGTTRMDMNRT rows=1620 latest_date=2026-01-27
2026-01-29 16:30:36,694 | INFO | [daily] Fetching FRED series DTWEXBGS from 2010-01-01...
2026-01-29 16:30:37,928 | INFO | [daily] Fetched DTWEXBGS rows=3997 latest_date=2026-01-23
2026-01-29 16:30:37,928 | INFO | [daily] Fetching FRED series VIXCLS from 2010-01-01...
2026-01-29 16:30:39,085 | INFO | [daily] Fetched VIXCLS rows=4069 latest_date=2026-01-27
2026-01-29 16:30:39,111 | INFO | [daily] Saved snapshot: C:\Users\iidogpon\Documents\GitHub\eurusd-swing-bias-bot\python\Data\raw_data\fred\daily\20260129_093031.json
2026-01-29 16:30:39,118 | INFO | [daily] Wrote manifest latest: C:\Users\iidogpon\Documents\GitHub\eurusd-swing-bias-bot\python\Data\raw_data\fred\daily\fetch_manifest.json
2026-01-29 16:30:39,119 | INFO | [daily] Wrote manifest archive: C:\Users\iidogpon\Documents\GitHub\eurusd-swing-bias-bot\python\Data\raw_data\fred\daily\fetch_manifest_20260129.json
2026-01-29 16:30:39,122 | INFO | === FRED FETCH PIPELINE END ===
2026-01-29 16:52:32,329 | INFO | === FRED FETCH PIPELINE START ===
2026-01-29 16:52:32,331 | INFO | [weekly] Fetching FRED series DGS2 from 2010-01-01...
2026-01-29 16:52:33,540 | INFO | [weekly] Fetched DGS2 rows=4018 latest_date=2026-01-27
2026-01-29 16:52:33,540 | INFO | [weekly] Fetching FRED series EFFR from 2010-01-01...
2026-01-29 16:52:34,654 | INFO | [weekly] Fetched EFFR rows=4035 latest_date=2026-01-27
2026-01-29 16:52:34,654 | INFO | [weekly] Fetching FRED series ECBDFR from 2010-01-01...
2026-01-29 16:52:35,621 | INFO | [weekly] Fetched ECBDFR rows=5872 latest_date=2026-01-28
2026-01-29 16:52:35,621 | INFO | [weekly] Fetching FRED series ECBESTRVOLWGTTRMDMNRT from 2010-01-01...
2026-01-29 16:52:36,673 | INFO | [weekly] Fetched ECBESTRVOLWGTTRMDMNRT rows=1621 latest_date=2026-01-28
2026-01-29 16:52:36,673 | INFO | [weekly] Fetching FRED series DTWEXBGS from 2010-01-01...
2026-01-29 16:52:37,681 | INFO | [weekly] Fetched DTWEXBGS rows=3997 latest_date=2026-01-23
2026-01-29 16:52:37,682 | INFO | [weekly] Fetching FRED series VIXCLS from 2010-01-01...
2026-01-29 16:52:39,051 | INFO | [weekly] Fetched VIXCLS rows=4069 latest_date=2026-01-27
2026-01-29 16:52:39,052 | INFO | [weekly] Fetching FRED series DGS10 from 2010-01-01...
2026-01-29 16:52:40,279 | INFO | [weekly] Fetched DGS10 rows=4018 latest_date=2026-01-27
2026-01-29 16:52:40,279 | INFO | [weekly] Fetching FRED series DFII10 from 2010-01-01...
2026-01-29 16:52:41,328 | INFO | [weekly] Fetched DFII10 rows=4018 latest_date=2026-01-27
2026-01-29 16:52:41,329 | INFO | [weekly] Fetching FRED series BAMLH0A0HYM2 from 2010-01-01...
2026-01-29 16:52:42,404 | INFO | [weekly] Fetched BAMLH0A0HYM2 rows=4196 latest_date=2026-01-27
2026-01-29 16:52:42,404 | INFO | [weekly] Fetching FRED series T10YIE from 2010-01-01...
2026-01-29 16:52:43,422 | INFO | [weekly] Fetched T10YIE rows=4019 latest_date=2026-01-28
2026-01-29 16:52:43,474 | INFO | [weekly] Saved snapshot: C:\Users\iidogpon\Documents\GitHub\eurusd-swing-bias-bot\python\Data\raw_data\fred\weekly\20260129_095232.json
2026-01-29 16:52:43,478 | INFO | [weekly] Wrote manifest latest: C:\Users\iidogpon\Documents\GitHub\eurusd-swing-bias-bot\python\Data\raw_data\fred\weekly\fetch_manifest.json
2026-01-29 16:52:43,479 | INFO | [weekly] Wrote manifest archive: C:\Users\iidogpon\Documents\GitHub\eurusd-swing-bias-bot\python\Data\raw_data\fred\weekly\fetch_manifest_20260129.json
2026-01-29 16:52:43,483 | INFO | === FRED FETCH PIPELINE END ===
2026-01-29 16:53:04,811 | INFO | === FRED FETCH PIPELINE START ===
2026-01-29 16:53:04,813 | INFO | [monthly] Fetching FRED series DGS2 from 2010-01-01...
2026-01-29 16:53:06,018 | INFO | [monthly] Fetched DGS2 rows=4018 latest_date=2026-01-27
2026-01-29 16:53:06,019 | INFO | [monthly] Fetching FRED series EFFR from 2010-01-01...
2026-01-29 16:53:07,007 | INFO | [monthly] Fetched EFFR rows=4035 latest_date=2026-01-27
2026-01-29 16:53:07,007 | INFO | [monthly] Fetching FRED series ECBDFR from 2010-01-01...
2026-01-29 16:53:08,175 | INFO | [monthly] Fetched ECBDFR rows=5872 latest_date=2026-01-28
2026-01-29 16:53:08,175 | INFO | [monthly] Fetching FRED series ECBESTRVOLWGTTRMDMNRT from 2010-01-01...
2026-01-29 16:53:09,328 | INFO | [monthly] Fetched ECBESTRVOLWGTTRMDMNRT rows=1621 latest_date=2026-01-28
2026-01-29 16:53:09,328 | INFO | [monthly] Fetching FRED series DTWEXBGS from 2010-01-01...
2026-01-29 16:53:10,395 | INFO | [monthly] Fetched DTWEXBGS rows=3997 latest_date=2026-01-23
2026-01-29 16:53:10,396 | INFO | [monthly] Fetching FRED series VIXCLS from 2010-01-01...
2026-01-29 16:53:11,676 | INFO | [monthly] Fetched VIXCLS rows=4069 latest_date=2026-01-27
2026-01-29 16:53:11,676 | INFO | [monthly] Fetching FRED series DGS10 from 2010-01-01...
2026-01-29 16:53:12,713 | INFO | [monthly] Fetched DGS10 rows=4018 latest_date=2026-01-27
2026-01-29 16:53:12,714 | INFO | [monthly] Fetching FRED series DFII10 from 2010-01-01...
2026-01-29 16:53:13,779 | INFO | [monthly] Fetched DFII10 rows=4018 latest_date=2026-01-27
2026-01-29 16:53:13,780 | INFO | [monthly] Fetching FRED series BAMLH0A0HYM2 from 2010-01-01...
2026-01-29 16:53:14,856 | INFO | [monthly] Fetched BAMLH0A0HYM2 rows=4196 latest_date=2026-01-27
2026-01-29 16:53:14,857 | INFO | [monthly] Fetching FRED series T10YIE from 2010-01-01...
2026-01-29 16:53:15,914 | INFO | [monthly] Fetched T10YIE rows=4019 latest_date=2026-01-28
2026-01-29 16:53:15,914 | INFO | [monthly] Fetching FRED series CPILFESL from 2010-01-01...
2026-01-29 16:53:16,827 | INFO | [monthly] Fetched CPILFESL rows=191 latest_date=2025-12-01
2026-01-29 16:53:16,827 | INFO | [monthly] Fetching FRED series PAYEMS from 2010-01-01...
2026-01-29 16:53:17,772 | INFO | [monthly] Fetched PAYEMS rows=192 latest_date=2025-12-01
2026-01-29 16:53:17,827 | INFO | [monthly] Saved snapshot: C:\Users\iidogpon\Documents\GitHub\eurusd-swing-bias-bot\python\Data\raw_data\fred\monthly\20260129_095304.json
2026-01-29 16:53:17,831 | INFO | [monthly] Wrote manifest latest: C:\Users\iidogpon\Documents\GitHub\eurusd-swing-bias-bot\python\Data\raw_data\fred\monthly\fetch_manifest.json
2026-01-29 16:53:17,832 | INFO | [monthly] Wrote manifest archive: C:\Users\iidogpon\Documents\GitHub\eurusd-swing-bias-bot\python\Data\raw_data\fred\monthly\fetch_manifest_20260129.json
2026-01-29 16:53:17,836 | INFO | === FRED FETCH PIPELINE END ===
2026-01-29 16:53:35,531 | INFO | === FRED FETCH PIPELINE START ===
2026-01-29 16:53:35,532 | INFO | [daily] Fetching FRED series DGS2 from 2010-01-01...
2026-01-29 16:53:36,637 | INFO | [daily] Fetched DGS2 rows=4018 latest_date=2026-01-27
2026-01-29 16:53:36,637 | INFO | [daily] Fetching FRED series EFFR from 2010-01-01...
2026-01-29 16:53:37,608 | INFO | [daily] Fetched EFFR rows=4035 latest_date=2026-01-27
2026-01-29 16:53:37,609 | INFO | [daily] Fetching FRED series ECBDFR from 2010-01-01...
2026-01-29 16:53:38,750 | INFO | [daily] Fetched ECBDFR rows=5872 latest_date=2026-01-28
2026-01-29 16:53:38,750 | INFO | [daily] Fetching FRED series ECBESTRVOLWGTTRMDMNRT from 2010-01-01...
2026-01-29 16:53:39,637 | INFO | [daily] Fetched ECBESTRVOLWGTTRMDMNRT rows=1621 latest_date=2026-01-28
2026-01-29 16:53:39,637 | INFO | [daily] Fetching FRED series DTWEXBGS from 2010-01-01...
2026-01-29 16:53:40,792 | INFO | [daily] Fetched DTWEXBGS rows=3997 latest_date=2026-01-23
2026-01-29 16:53:40,793 | INFO | [daily] Fetching FRED series VIXCLS from 2010-01-01...
2026-01-29 16:53:41,889 | INFO | [daily] Fetched VIXCLS rows=4069 latest_date=2026-01-27
2026-01-29 16:53:41,918 | INFO | [daily] Saved snapshot: C:\Users\iidogpon\Documents\GitHub\eurusd-swing-bias-bot\python\Data\raw_data\fred\daily\20260129_095335.json
2026-01-29 16:53:41,922 | INFO | [daily] Wrote manifest latest: C:\Users\iidogpon\Documents\GitHub\eurusd-swing-bias-bot\python\Data\raw_data\fred\daily\fetch_manifest.json
2026-01-29 16:53:41,923 | INFO | [daily] Wrote manifest archive: C:\Users\iidogpon\Documents\GitHub\eurusd-swing-bias-bot\python\Data\raw_data\fred\daily\fetch_manifest_20260129.json
2026-01-29 16:53:41,926 | INFO | === FRED FETCH PIPELINE END ===
